-------------------------------------------------------------------------------
Test set: stec.OnePlusOneTest
-------------------------------------------------------------------------------
Tests run: 1, Failures: 1, Errors: 0, Skipped: 0, Time elapsed: 0.036 s <<< FAILURE! - in stec.OnePlusOneTest
testOnePlusOneEqualsTwo  Time elapsed: 0.031 s  <<< FAILURE!
org.opentest4j.AssertionFailedError: expected: <6> but was: <2>
	at stec.OnePlusOneTest.testOnePlusOneEqualsTwo(AppTest.java:10)

